<?xml version="1.0" encoding="UTF-8"?>
<!-- Generated by org.testng.reporters.JUnitReportReporter -->
<testsuite hostname="IL-nben-har-W2" failures="0" tests="6" name="com.bmc.mvmm_api.tests.agentAndExstentions.GetPackages" time="7.708" errors="0" timestamp="05 Dec 2022 12:18:10 GMT" skipped="0">
  <testcase classname="com.bmc.mvmm_api.tests.agentAndExstentions.GetPackages" name="T02_GetPackagesAndValidate" time="0.899"/>
  <testcase classname="com.bmc.mvmm_api.tests.agentAndExstentions.GetPackages" name="T04_validateName" time="0.004"/>
  <testcase classname="com.bmc.mvmm_api.tests.agentAndExstentions.GetPackages" name="T05_DeleteThePackage" time="1.359"/>
  <testcase classname="com.bmc.mvmm_api.tests.agentAndExstentions.GetPackages" name="T06_GetPackageWhenListEmpty" time="0.878"/>
  <testcase classname="com.bmc.mvmm_api.tests.agentAndExstentions.GetPackages" name="T01_CreateNewPackage" time="4.547"/>
  <testcase classname="com.bmc.mvmm_api.tests.agentAndExstentions.GetPackages" name="T03_validateID" time="0.021"/>
</testsuite> <!-- com.bmc.mvmm_api.tests.agentAndExstentions.GetPackages -->
