<?xml version="1.0" encoding="UTF-8"?>
<!-- Generated by org.testng.reporters.JUnitReportReporter -->
<testsuite hostname="IL-nben-har-W2" failures="0" tests="1" name="com.bmc.mvmm.allureToElastic.PostToElastic" time="0.107" errors="0" timestamp="20 Sep 2022 09:16:42 GMT" skipped="0">
  <testcase classname="com.bmc.mvmm.allureToElastic.PostToElastic" name="T01_CreateNewPackage" time="0.107"/>
</testsuite> <!-- com.bmc.mvmm.allureToElastic.PostToElastic -->
