<?xml version="1.0" encoding="UTF-8"?>
<!-- Generated by org.testng.reporters.JUnitReportReporter -->
<testsuite hostname="IL-nben-har-W2" failures="0" tests="16" name="com.bmc.mvmm_api.tests.agentAndExstentions.CreatePackage" time="21.978" errors="0" timestamp="05 Dec 2022 12:17:09 GMT" skipped="0">
  <testcase classname="com.bmc.mvmm_api.tests.agentAndExstentions.CreatePackage" name="T10_CreateillegalRootFolder" time="0.891"/>
  <testcase classname="com.bmc.mvmm_api.tests.agentAndExstentions.CreatePackage" name="T13_CreateillegalPkg" time="0.865"/>
  <testcase classname="com.bmc.mvmm_api.tests.agentAndExstentions.CreatePackage" name="T14_CreateNullPkg" time="0.876"/>
  <testcase classname="com.bmc.mvmm_api.tests.agentAndExstentions.CreatePackage" name="T12_CreateEmptyPkg" time="0.853"/>
  <testcase classname="com.bmc.mvmm_api.tests.agentAndExstentions.CreatePackage" name="T05_CreateNullName" time="0.861"/>
  <testcase classname="com.bmc.mvmm_api.tests.agentAndExstentions.CreatePackage" name="T08_CreateNullOS" time="0.864"/>
  <testcase classname="com.bmc.mvmm_api.tests.agentAndExstentions.CreatePackage" name="T11_CreateNullRootFolder" time="0.871"/>
  <testcase classname="com.bmc.mvmm_api.tests.agentAndExstentions.CreatePackage" name="T15_CreateNullscripts" time="0.873"/>
  <testcase classname="com.bmc.mvmm_api.tests.agentAndExstentions.CreatePackage" name="T16_DeleteThePackage" time="1.361"/>
  <testcase classname="com.bmc.mvmm_api.tests.agentAndExstentions.CreatePackage" name="T04_CreatePackageIncorrectName" time="0.889"/>
  <testcase classname="com.bmc.mvmm_api.tests.agentAndExstentions.CreatePackage" name="T06_CreateEmptyOS" time="0.866"/>
  <testcase classname="com.bmc.mvmm_api.tests.agentAndExstentions.CreatePackage" name="T02_CreatePackageThatExist" time="0.885"/>
  <testcase classname="com.bmc.mvmm_api.tests.agentAndExstentions.CreatePackage" name="T01_CreateNewPackage" time="8.443"/>
  <testcase classname="com.bmc.mvmm_api.tests.agentAndExstentions.CreatePackage" name="T07_CreateillegalOS" time="0.853"/>
  <testcase classname="com.bmc.mvmm_api.tests.agentAndExstentions.CreatePackage" name="T09_CreateEmptyRootFolder" time="0.850"/>
  <testcase classname="com.bmc.mvmm_api.tests.agentAndExstentions.CreatePackage" name="T03_CreatePackageEmptyName" time="0.877"/>
</testsuite> <!-- com.bmc.mvmm_api.tests.agentAndExstentions.CreatePackage -->
