<?xml version="1.0" encoding="UTF-8"?>
<!-- Generated by org.testng.reporters.JUnitReportReporter -->
<testsuite hostname="IL-nben-har-W2" failures="0" tests="10" name="com.bmc.mvmm_api.tests.agentAndExtensions.UpdatePackagePlatforms" time="38.554" errors="0" timestamp="08 Dec 2022 13:09:16 GMT" skipped="0">
  <testcase classname="com.bmc.mvmm_api.tests.agentAndExtensions.UpdatePackagePlatforms" name="T03_updateToAs400" time="3.349"/>
  <testcase classname="com.bmc.mvmm_api.tests.agentAndExtensions.UpdatePackagePlatforms" name="T08_updateToSolarisSpark" time="3.852"/>
  <testcase classname="com.bmc.mvmm_api.tests.agentAndExtensions.UpdatePackagePlatforms" name="T06_updateToLinuxZ" time="4.261"/>
  <testcase classname="com.bmc.mvmm_api.tests.agentAndExtensions.UpdatePackagePlatforms" name="T09_updateToSolaris" time="4.044"/>
  <testcase classname="com.bmc.mvmm_api.tests.agentAndExtensions.UpdatePackagePlatforms" name="T07_updateToWindows" time="3.929"/>
  <testcase classname="com.bmc.mvmm_api.tests.agentAndExtensions.UpdatePackagePlatforms" name="T05_updateToLinux" time="3.873"/>
  <testcase classname="com.bmc.mvmm_api.tests.agentAndExtensions.UpdatePackagePlatforms" name="T01_CreateNewPackage" time="5.846"/>
  <testcase classname="com.bmc.mvmm_api.tests.agentAndExtensions.UpdatePackagePlatforms" name="T02_updateToZOS" time="3.410"/>
  <testcase classname="com.bmc.mvmm_api.tests.agentAndExtensions.UpdatePackagePlatforms" name="T04_updateToHP" time="3.734"/>
  <testcase classname="com.bmc.mvmm_api.tests.agentAndExtensions.UpdatePackagePlatforms" name="T10_deletePackage" time="2.256"/>
</testsuite> <!-- com.bmc.mvmm_api.tests.agentAndExtensions.UpdatePackagePlatforms -->
