<?xml version="1.0" encoding="UTF-8"?>
<!-- Generated by org.testng.reporters.JUnitReportReporter -->
<testsuite hostname="IL-nben-har-W2" failures="0" tests="5" name="com.bmc.mvmm_api.tests.agentAndExstentions.CreateNewPackageAndDownload" time="12.054" errors="0" timestamp="28 Nov 2022 10:46:46 GMT" skipped="0">
  <testcase classname="com.bmc.mvmm_api.tests.agentAndExstentions.CreateNewPackageAndDownload" name="T01_CreateNewPackage" time="4.179"/>
  <testcase classname="com.bmc.mvmm_api.tests.agentAndExstentions.CreateNewPackageAndDownload" name="T02_DownloadZIP" time="2.004"/>
  <testcase classname="com.bmc.mvmm_api.tests.agentAndExstentions.CreateNewPackageAndDownload" name="T03_DownloadTAR" time="2.148"/>
  <testcase classname="com.bmc.mvmm_api.tests.agentAndExstentions.CreateNewPackageAndDownload" name="T05_Delete" time="1.774"/>
  <testcase classname="com.bmc.mvmm_api.tests.agentAndExstentions.CreateNewPackageAndDownload" name="T04_DownloadTGZ" time="1.949"/>
</testsuite> <!-- com.bmc.mvmm_api.tests.agentAndExstentions.CreateNewPackageAndDownload -->
