<?xml version="1.0" encoding="UTF-8"?>
<!-- Generated by org.testng.reporters.JUnitReportReporter -->
<testsuite hostname="IL-nben-har-W2" failures="0" tests="5" name="com.bmc.mvmm_api.tests.agentAndExstentions.DownloadPackage" time="10.382" errors="0" timestamp="05 Dec 2022 12:17:46 GMT" skipped="0">
  <testcase classname="com.bmc.mvmm_api.tests.agentAndExstentions.DownloadPackage" name="T04_DownloadTGZ" time="1.572"/>
  <testcase classname="com.bmc.mvmm_api.tests.agentAndExstentions.DownloadPackage" name="T03_DownloadTAR" time="1.477"/>
  <testcase classname="com.bmc.mvmm_api.tests.agentAndExstentions.DownloadPackage" name="T06_Delete" time="1.298"/>
  <testcase classname="com.bmc.mvmm_api.tests.agentAndExstentions.DownloadPackage" name="T01_CreateNewPackage" time="4.406"/>
  <testcase classname="com.bmc.mvmm_api.tests.agentAndExstentions.DownloadPackage" name="T02_DownloadZIP" time="1.629"/>
</testsuite> <!-- com.bmc.mvmm_api.tests.agentAndExstentions.DownloadPackage -->
