<?xml version="1.0" encoding="UTF-8"?>
<!-- Generated by org.testng.reporters.JUnitReportReporter -->
<testsuite hostname="IL-nben-har-W2" failures="0" tests="15" name="com.bmc.mvmm.test.AgentDownload.CreateNewPackage.platformsContent.SolarisSparc" time="35.476" errors="0" timestamp="24 Nov 2022 10:30:27 GMT" skipped="0">
  <testcase classname="com.bmc.mvmm.test.AgentDownload.CreateNewPackage.platformsContent.SolarisSparc" name="T09_ContentThatAppearsInTheList" time="0.211"/>
  <testcase classname="com.bmc.mvmm.test.AgentDownload.CreateNewPackage.platformsContent.SolarisSparc" name="T07_ContentThatAppearsInTheList" time="4.624"/>
  <testcase classname="com.bmc.mvmm.test.AgentDownload.CreateNewPackage.platformsContent.SolarisSparc" name="T10_ContentThatAppearsInTheList" time="0.246"/>
  <testcase classname="com.bmc.mvmm.test.AgentDownload.CreateNewPackage.platformsContent.SolarisSparc" name="T02_SelectSolarisSPARC" time="8.362"/>
  <testcase classname="com.bmc.mvmm.test.AgentDownload.CreateNewPackage.platformsContent.SolarisSparc" name="T04_SelectedContent" time="0.054"/>
  <testcase classname="com.bmc.mvmm.test.AgentDownload.CreateNewPackage.platformsContent.SolarisSparc" name="T01_verifyTitleProduct" time="20.216"/>
  <testcase classname="com.bmc.mvmm.test.AgentDownload.CreateNewPackage.platformsContent.SolarisSparc" name="T05_SelectedContent" time="0.101"/>
  <testcase classname="com.bmc.mvmm.test.AgentDownload.CreateNewPackage.platformsContent.SolarisSparc" name="T08_ContentThatAppearsInTheList" time="0.246"/>
  <testcase classname="com.bmc.mvmm.test.AgentDownload.CreateNewPackage.platformsContent.SolarisSparc" name="T15_Selectall" time="0.070"/>
  <testcase classname="com.bmc.mvmm.test.AgentDownload.CreateNewPackage.platformsContent.SolarisSparc" name="T03_SelectedContent" time="0.039"/>
  <testcase classname="com.bmc.mvmm.test.AgentDownload.CreateNewPackage.platformsContent.SolarisSparc" name="T06_SelectedContent" time="0.071"/>
  <testcase classname="com.bmc.mvmm.test.AgentDownload.CreateNewPackage.platformsContent.SolarisSparc" name="T13_ContentThatAppearsInTheList" time="0.378"/>
  <testcase classname="com.bmc.mvmm.test.AgentDownload.CreateNewPackage.platformsContent.SolarisSparc" name="T11_ContentThatAppearsInTheList" time="0.155"/>
  <testcase classname="com.bmc.mvmm.test.AgentDownload.CreateNewPackage.platformsContent.SolarisSparc" name="T14_ContentThatAppearsInTheList" time="0.275"/>
  <testcase classname="com.bmc.mvmm.test.AgentDownload.CreateNewPackage.platformsContent.SolarisSparc" name="T16_Clearall" time="0.428"/>
</testsuite> <!-- com.bmc.mvmm.test.AgentDownload.CreateNewPackage.platformsContent.SolarisSparc -->
