<?xml version="1.0" encoding="UTF-8"?>
<!-- Generated by org.testng.reporters.JUnitReportReporter -->
<testsuite hostname="IL-nben-har-W2" failures="0" tests="1" name="API.tests.Test2" time="0.290" errors="0" timestamp="2024-06-04T14:06:00 IDT" skipped="0">
  <testcase classname="API.tests.Test2" name="T02_test2" time="0.290"/>
  <system-out/>
</testsuite> <!-- API.tests.Test2 -->
