<?xml version="1.0" encoding="UTF-8"?>
<!-- Generated by org.testng.reporters.JUnitReportReporter -->
<testsuite hostname="IL-nben-har-W2" failures="0" tests="10" name="com.bmc.mvmm_api.tests.agentAndExtensions.GetPlatforms_osCodes" time="3.656" errors="0" timestamp="07 Dec 2022 15:31:09 GMT" skipped="0">
  <testcase classname="com.bmc.mvmm_api.tests.agentAndExtensions.GetPlatforms_osCodes" name="T01_GetPlatforms" time="3.628"/>
  <testcase classname="com.bmc.mvmm_api.tests.agentAndExtensions.GetPlatforms_osCodes" name="T02_validatei5os" time="0.004"/>
  <testcase classname="com.bmc.mvmm_api.tests.agentAndExtensions.GetPlatforms_osCodes" name="T06_validateAIX" time="0.003"/>
  <testcase classname="com.bmc.mvmm_api.tests.agentAndExtensions.GetPlatforms_osCodes" name="T10_validateSolaris" time="0.005"/>
  <testcase classname="com.bmc.mvmm_api.tests.agentAndExtensions.GetPlatforms_osCodes" name="T04_validateLinuxX8664" time="0.002"/>
  <testcase classname="com.bmc.mvmm_api.tests.agentAndExtensions.GetPlatforms_osCodes" name="T09_validateSolarisSparc" time="0.003"/>
  <testcase classname="com.bmc.mvmm_api.tests.agentAndExtensions.GetPlatforms_osCodes" name="T07_validateHPUX" time="0.003"/>
  <testcase classname="com.bmc.mvmm_api.tests.agentAndExtensions.GetPlatforms_osCodes" name="T03_validatelinuxS390x64" time="0.003"/>
  <testcase classname="com.bmc.mvmm_api.tests.agentAndExtensions.GetPlatforms_osCodes" name="T08_validateZos64" time="0.002"/>
  <testcase classname="com.bmc.mvmm_api.tests.agentAndExtensions.GetPlatforms_osCodes" name="T05_validateWindows64" time="0.003"/>
</testsuite> <!-- com.bmc.mvmm_api.tests.agentAndExtensions.GetPlatforms_osCodes -->
