<?xml version="1.0" encoding="UTF-8"?>
<!-- Generated by org.testng.reporters.JUnitReportReporter -->
<testsuite hostname="IL-nben-har-W2" failures="0" tests="5" name="com.bmc.mvmm_api.tests.agentAndExstentions.DeletePackage" time="8.389" errors="0" timestamp="05 Dec 2022 12:17:26 GMT" skipped="0">
  <testcase classname="com.bmc.mvmm_api.tests.agentAndExstentions.DeletePackage" name="T02_DeleteThePackage" time="1.389"/>
  <testcase classname="com.bmc.mvmm_api.tests.agentAndExstentions.DeletePackage" name="T04_DeleteMissingId" time="0.881"/>
  <testcase classname="com.bmc.mvmm_api.tests.agentAndExstentions.DeletePackage" name="T01_CreateNewPackage" time="4.605"/>
  <testcase classname="com.bmc.mvmm_api.tests.agentAndExstentions.DeletePackage" name="T05_DeleteEmptyId" time="0.617"/>
  <testcase classname="com.bmc.mvmm_api.tests.agentAndExstentions.DeletePackage" name="T03_DeleteNotExistPackage" time="0.897"/>
</testsuite> <!-- com.bmc.mvmm_api.tests.agentAndExstentions.DeletePackage -->
