<?xml version="1.0" encoding="UTF-8"?>
<!-- Generated by org.testng.reporters.JUnitReportReporter -->
<testsuite hostname="IL-nben-har-W2" failures="0" tests="18" name="com.bmc.mvmm.test.AgentDownload.CreateNewPackage.platformsContent.Linux64" time="35.167" errors="0" timestamp="24 Nov 2022 10:18:10 GMT" skipped="0">
  <testcase classname="com.bmc.mvmm.test.AgentDownload.CreateNewPackage.platformsContent.Linux64" name="T18_Selectall" time="0.038"/>
  <testcase classname="com.bmc.mvmm.test.AgentDownload.CreateNewPackage.platformsContent.Linux64" name="T17_ContentThatAppearsInTheList" time="0.155"/>
  <testcase classname="com.bmc.mvmm.test.AgentDownload.CreateNewPackage.platformsContent.Linux64" name="T05_SelectedContent" time="0.091"/>
  <testcase classname="com.bmc.mvmm.test.AgentDownload.CreateNewPackage.platformsContent.Linux64" name="T04_SelectedContent" time="0.080"/>
  <testcase classname="com.bmc.mvmm.test.AgentDownload.CreateNewPackage.platformsContent.Linux64" name="T02_AelectLinux64" time="7.417"/>
  <testcase classname="com.bmc.mvmm.test.AgentDownload.CreateNewPackage.platformsContent.Linux64" name="T09_ContentThatAppearsInTheList" time="0.220"/>
  <testcase classname="com.bmc.mvmm.test.AgentDownload.CreateNewPackage.platformsContent.Linux64" name="T01_verifyTitleProduct" time="20.393"/>
  <testcase classname="com.bmc.mvmm.test.AgentDownload.CreateNewPackage.platformsContent.Linux64" name="T11_ContentThatAppearsInTheList" time="0.244"/>
  <testcase classname="com.bmc.mvmm.test.AgentDownload.CreateNewPackage.platformsContent.Linux64" name="T07_ContentThatAppearsInTheList" time="4.541"/>
  <testcase classname="com.bmc.mvmm.test.AgentDownload.CreateNewPackage.platformsContent.Linux64" name="T14_ContentThatAppearsInTheList" time="0.253"/>
  <testcase classname="com.bmc.mvmm.test.AgentDownload.CreateNewPackage.platformsContent.Linux64" name="T16_ContentThatAppearsInTheList" time="0.248"/>
  <testcase classname="com.bmc.mvmm.test.AgentDownload.CreateNewPackage.platformsContent.Linux64" name="T13_ContentThatAppearsInTheList" time="0.321"/>
  <testcase classname="com.bmc.mvmm.test.AgentDownload.CreateNewPackage.platformsContent.Linux64" name="T10_ContentThatAppearsInTheList" time="0.307"/>
  <testcase classname="com.bmc.mvmm.test.AgentDownload.CreateNewPackage.platformsContent.Linux64" name="T08_ContentThatAppearsInTheList" time="0.306"/>
  <testcase classname="com.bmc.mvmm.test.AgentDownload.CreateNewPackage.platformsContent.Linux64" name="T19_Selectall" time="0.306"/>
  <testcase classname="com.bmc.mvmm.test.AgentDownload.CreateNewPackage.platformsContent.Linux64" name="T15_ContentThatAppearsInTheList" time="0.110"/>
  <testcase classname="com.bmc.mvmm.test.AgentDownload.CreateNewPackage.platformsContent.Linux64" name="T03_SelectedContent" time="0.039"/>
  <testcase classname="com.bmc.mvmm.test.AgentDownload.CreateNewPackage.platformsContent.Linux64" name="T06_SelectedContent" time="0.098"/>
</testsuite> <!-- com.bmc.mvmm.test.AgentDownload.CreateNewPackage.platformsContent.Linux64 -->
