<?xml version="1.0" encoding="UTF-8"?>
<!-- Generated by org.testng.reporters.JUnitReportReporter -->
<testsuite hostname="IL-nben-har-W2" failures="0" tests="1" name="UI.test.LoginPage.LoginPageTest" time="1.446" errors="0" timestamp="2024-05-26T11:20:48 IDT" skipped="0">
  <testcase classname="UI.test.LoginPage.LoginPageTest" name="T01_verifyMainViewMiddlewareMonitorTitle" time="1.446"/>
  <system-out/>
</testsuite> <!-- UI.test.LoginPage.LoginPageTest -->
