<?xml version="1.0" encoding="UTF-8"?>
<!-- Generated by org.testng.reporters.JUnitReportReporter -->
<testsuite hostname="IL-nben-har-W2" failures="0" tests="10" name="com.bmc.mvmm.test.landingPage.LoginPageTest" time="21.782" errors="0" timestamp="02 Nov 2022 11:04:42 GMT" skipped="0">
  <testcase classname="com.bmc.mvmm.test.landingPage.LoginPageTest" name="T04_verifyLoginBtnText" time="0.102"/>
  <testcase classname="com.bmc.mvmm.test.landingPage.LoginPageTest" name="T02_verifyEnterUserName" time="0.056"/>
  <testcase classname="com.bmc.mvmm.test.landingPage.LoginPageTest" name="T12_Login" time="11.003"/>
  <testcase classname="com.bmc.mvmm.test.landingPage.LoginPageTest" name="T01_verifyMainViewMiddlewareMonitorTitle" time="0.530"/>
  <testcase classname="com.bmc.mvmm.test.landingPage.LoginPageTest" name="T08_verifyBmcSiteLinkText" time="0.049"/>
  <testcase classname="com.bmc.mvmm.test.landingPage.LoginPageTest" name="T06_verifyCopyright2" time="0.443"/>
  <testcase classname="com.bmc.mvmm.test.landingPage.LoginPageTest" name="T03_verifyEnterPassword" time="0.090"/>
  <testcase classname="com.bmc.mvmm.test.landingPage.LoginPageTest" name="T07_verifyPoweredByLabelText" time="0.041"/>
  <testcase classname="com.bmc.mvmm.test.landingPage.LoginPageTest" name="T11_incorrectUserAndPass" time="9.190"/>
  <testcase classname="com.bmc.mvmm.test.landingPage.LoginPageTest" name="T05_verifyCopyright" time="0.278"/>
</testsuite> <!-- com.bmc.mvmm.test.landingPage.LoginPageTest -->
