<?xml version="1.0" encoding="UTF-8"?>
<!-- Generated by org.testng.reporters.JUnitReportReporter -->
<testsuite hostname="IL-nben-har-W2" failures="0" tests="10" name="com.bmc.mvmm_api.tests.agentAndExstentions.UpdatePackagePlatforms" time="24.191" errors="0" timestamp="05 Dec 2022 14:04:38 GMT" skipped="0">
  <testcase classname="com.bmc.mvmm_api.tests.agentAndExstentions.UpdatePackagePlatforms" name="T01_CreateNewPackage" time="4.668"/>
  <testcase classname="com.bmc.mvmm_api.tests.agentAndExstentions.UpdatePackagePlatforms" name="T02_updateToZOS" time="2.334"/>
  <testcase classname="com.bmc.mvmm_api.tests.agentAndExstentions.UpdatePackagePlatforms" name="T03_updateToAs400" time="2.251"/>
  <testcase classname="com.bmc.mvmm_api.tests.agentAndExstentions.UpdatePackagePlatforms" name="T10_deletePackage" time="1.365"/>
  <testcase classname="com.bmc.mvmm_api.tests.agentAndExstentions.UpdatePackagePlatforms" name="T09_updateToSolaris" time="2.259"/>
  <testcase classname="com.bmc.mvmm_api.tests.agentAndExstentions.UpdatePackagePlatforms" name="T08_updateToSolarisSpark" time="2.311"/>
  <testcase classname="com.bmc.mvmm_api.tests.agentAndExstentions.UpdatePackagePlatforms" name="T04_updateToHP" time="2.251"/>
  <testcase classname="com.bmc.mvmm_api.tests.agentAndExstentions.UpdatePackagePlatforms" name="T05_updateToLinux" time="2.274"/>
  <testcase classname="com.bmc.mvmm_api.tests.agentAndExstentions.UpdatePackagePlatforms" name="T06_updateToLinuxZ" time="2.239"/>
  <testcase classname="com.bmc.mvmm_api.tests.agentAndExstentions.UpdatePackagePlatforms" name="T07_updateToWindows" time="2.239"/>
</testsuite> <!-- com.bmc.mvmm_api.tests.agentAndExstentions.UpdatePackagePlatforms -->
