<?xml version="1.0" encoding="UTF-8"?>
<!-- Generated by org.testng.reporters.JUnitReportReporter -->
<testsuite hostname="IL-nben-har-W2" failures="0" tests="15" name="com.bmc.mvmm.test.AgentDownload.CreateNewPackage.platformsContent.AIX" time="42.051" errors="0" timestamp="24 Nov 2022 10:10:40 GMT" skipped="0">
  <testcase classname="com.bmc.mvmm.test.AgentDownload.CreateNewPackage.platformsContent.AIX" name="T15_Selectall" time="0.035"/>
  <testcase classname="com.bmc.mvmm.test.AgentDownload.CreateNewPackage.platformsContent.AIX" name="T11_ContentThatAppearsInTheList" time="0.119"/>
  <testcase classname="com.bmc.mvmm.test.AgentDownload.CreateNewPackage.platformsContent.AIX" name="T02_SelectAIXFromList" time="6.271"/>
  <testcase classname="com.bmc.mvmm.test.AgentDownload.CreateNewPackage.platformsContent.AIX" name="T07_ContentThatAppearsInTheList" time="4.362"/>
  <testcase classname="com.bmc.mvmm.test.AgentDownload.CreateNewPackage.platformsContent.AIX" name="T06_SelectedContent" time="0.083"/>
  <testcase classname="com.bmc.mvmm.test.AgentDownload.CreateNewPackage.platformsContent.AIX" name="T08_ContentThatAppearsInTheList" time="0.186"/>
  <testcase classname="com.bmc.mvmm.test.AgentDownload.CreateNewPackage.platformsContent.AIX" name="T03_SelectedContent" time="10.041"/>
  <testcase classname="com.bmc.mvmm.test.AgentDownload.CreateNewPackage.platformsContent.AIX" name="T14_ContentThatAppearsInTheList" time="0.160"/>
  <testcase classname="com.bmc.mvmm.test.AgentDownload.CreateNewPackage.platformsContent.AIX" name="T05_SelectedContent" time="0.063"/>
  <testcase classname="com.bmc.mvmm.test.AgentDownload.CreateNewPackage.platformsContent.AIX" name="T09_ContentThatAppearsInTheList" time="0.135"/>
  <testcase classname="com.bmc.mvmm.test.AgentDownload.CreateNewPackage.platformsContent.AIX" name="T10_ContentThatAppearsInTheList" time="0.184"/>
  <testcase classname="com.bmc.mvmm.test.AgentDownload.CreateNewPackage.platformsContent.AIX" name="T16_Selectall" time="0.241"/>
  <testcase classname="com.bmc.mvmm.test.AgentDownload.CreateNewPackage.platformsContent.AIX" name="T04_SelectedContent" time="0.044"/>
  <testcase classname="com.bmc.mvmm.test.AgentDownload.CreateNewPackage.platformsContent.AIX" name="T13_ContentThatAppearsInTheList" time="0.102"/>
  <testcase classname="com.bmc.mvmm.test.AgentDownload.CreateNewPackage.platformsContent.AIX" name="T01_verifyTitleProduct" time="20.025"/>
</testsuite> <!-- com.bmc.mvmm.test.AgentDownload.CreateNewPackage.platformsContent.AIX -->
