<?xml version="1.0" encoding="UTF-8"?>
<!-- Generated by org.testng.reporters.JUnitReportReporter -->
<testsuite hostname="IL-nben-har-W2" failures="0" tests="16" name="com.bmc.mvmm_api.tests.agentAndExstentions.CreateNewPackageAndDelete" time="30.546" errors="0" timestamp="29 Nov 2022 15:24:24 GMT" skipped="0">
  <testcase classname="com.bmc.mvmm_api.tests.agentAndExstentions.CreateNewPackageAndDelete" name="T08_" time="1.694"/>
  <testcase classname="com.bmc.mvmm_api.tests.agentAndExstentions.CreateNewPackageAndDelete" name="T12_fCreate" time="1.229"/>
  <testcase classname="com.bmc.mvmm_api.tests.agentAndExstentions.CreateNewPackageAndDelete" name="T13_fCreate" time="2.723"/>
  <testcase classname="com.bmc.mvmm_api.tests.agentAndExstentions.CreateNewPackageAndDelete" name="T01_CreateNewPackage" time="4.490"/>
  <testcase classname="com.bmc.mvmm_api.tests.agentAndExstentions.CreateNewPackageAndDelete" name="T05_fd" time="0.920"/>
  <testcase classname="com.bmc.mvmm_api.tests.agentAndExstentions.CreateNewPackageAndDelete" name="T16_Delete" time="2.339"/>
  <testcase classname="com.bmc.mvmm_api.tests.agentAndExstentions.CreateNewPackageAndDelete" name="T04_CreatePackageIncorrectName" time="1.791"/>
  <testcase classname="com.bmc.mvmm_api.tests.agentAndExstentions.CreateNewPackageAndDelete" name="T10_Create" time="1.753"/>
  <testcase classname="com.bmc.mvmm_api.tests.agentAndExstentions.CreateNewPackageAndDelete" name="T06_Create" time="1.017"/>
  <testcase classname="com.bmc.mvmm_api.tests.agentAndExstentions.CreateNewPackageAndDelete" name="T11_S" time="1.780"/>
  <testcase classname="com.bmc.mvmm_api.tests.agentAndExstentions.CreateNewPackageAndDelete" name="T02_CreatePackageThatExist" time="1.177"/>
  <testcase classname="com.bmc.mvmm_api.tests.agentAndExstentions.CreateNewPackageAndDelete" name="T03_CreatePackageEmptyName" time="2.937"/>
  <testcase classname="com.bmc.mvmm_api.tests.agentAndExstentions.CreateNewPackageAndDelete" name="T07_Create" time="2.051"/>
  <testcase classname="com.bmc.mvmm_api.tests.agentAndExstentions.CreateNewPackageAndDelete" name="T09_Create" time="1.805"/>
  <testcase classname="com.bmc.mvmm_api.tests.agentAndExstentions.CreateNewPackageAndDelete" name="T15_fdf" time="1.081"/>
  <testcase classname="com.bmc.mvmm_api.tests.agentAndExstentions.CreateNewPackageAndDelete" name="T14_f" time="1.759"/>
</testsuite> <!-- com.bmc.mvmm_api.tests.agentAndExstentions.CreateNewPackageAndDelete -->
