<?xml version="1.0" encoding="UTF-8"?>
<!-- Generated by org.testng.reporters.JUnitReportReporter -->
<testsuite hostname="IL-nben-har-W2" failures="0" tests="1" name="com.bmc.mvmm_api.tests.agentAndExstentions.CreateNewPackageAndDelete_random" time="3.412" errors="0" timestamp="30 Nov 2022 11:41:16 GMT" skipped="0">
  <testcase classname="com.bmc.mvmm_api.tests.agentAndExstentions.CreateNewPackageAndDelete_random" name="T02_Create" time="3.412"/>
</testsuite> <!-- com.bmc.mvmm_api.tests.agentAndExstentions.CreateNewPackageAndDelete_random -->
