<?xml version="1.0" encoding="UTF-8"?>
<!-- Generated by org.testng.reporters.JUnitReportReporter -->
<testsuite hostname="IL-nben-har-W2" failures="0" tests="1" name="UI.test.Test1" time="28.189" errors="0" timestamp="2024-05-27T17:17:33 IDT" skipped="0">
  <testcase classname="UI.test.Test1" name="T01_" time="28.189"/>
  <system-out/>
</testsuite> <!-- UI.test.Test1 -->
