<?xml version="1.0" encoding="UTF-8"?>
<!-- Generated by org.testng.reporters.JUnitReportReporter -->
<testsuite hostname="IL-nben-har-W2" failures="0" tests="16" name="com.bmc.mvmm_api.tests.agentAndExtensions.CreatePackage" time="27.133" errors="0" timestamp="08 Dec 2022 12:54:43 GMT" skipped="0">
  <testcase classname="com.bmc.mvmm_api.tests.agentAndExtensions.CreatePackage" name="T02_CreatePackageThatExist" time="1.559"/>
  <testcase classname="com.bmc.mvmm_api.tests.agentAndExtensions.CreatePackage" name="T13_CreateillegalPkg" time="1.561"/>
  <testcase classname="com.bmc.mvmm_api.tests.agentAndExtensions.CreatePackage" name="T15_CreateNullscripts" time="1.581"/>
  <testcase classname="com.bmc.mvmm_api.tests.agentAndExtensions.CreatePackage" name="T08_CreateNullOS" time="1.568"/>
  <testcase classname="com.bmc.mvmm_api.tests.agentAndExtensions.CreatePackage" name="T16_DeleteThePackage" time="2.075"/>
  <testcase classname="com.bmc.mvmm_api.tests.agentAndExtensions.CreatePackage" name="T09_CreateEmptyRootFolder" time="0.891"/>
  <testcase classname="com.bmc.mvmm_api.tests.agentAndExtensions.CreatePackage" name="T14_CreateNullPkg" time="1.611"/>
  <testcase classname="com.bmc.mvmm_api.tests.agentAndExtensions.CreatePackage" name="T01_CreateNewPackage" time="6.415"/>
  <testcase classname="com.bmc.mvmm_api.tests.agentAndExtensions.CreatePackage" name="T06_CreateEmptyOS" time="1.561"/>
  <testcase classname="com.bmc.mvmm_api.tests.agentAndExtensions.CreatePackage" name="T12_CreateEmptyPkg" time="1.558"/>
  <testcase classname="com.bmc.mvmm_api.tests.agentAndExtensions.CreatePackage" name="T07_CreateillegalOS" time="1.635"/>
  <testcase classname="com.bmc.mvmm_api.tests.agentAndExtensions.CreatePackage" name="T11_CreateNullRootFolder" time="0.871"/>
  <testcase classname="com.bmc.mvmm_api.tests.agentAndExtensions.CreatePackage" name="T03_CreatePackageEmptyName" time="0.887"/>
  <testcase classname="com.bmc.mvmm_api.tests.agentAndExtensions.CreatePackage" name="T05_CreateNullName" time="1.603"/>
  <testcase classname="com.bmc.mvmm_api.tests.agentAndExtensions.CreatePackage" name="T10_CreateillegalRootFolder" time="0.860"/>
  <testcase classname="com.bmc.mvmm_api.tests.agentAndExtensions.CreatePackage" name="T04_CreatePackageIncorrectName" time="0.897"/>
</testsuite> <!-- com.bmc.mvmm_api.tests.agentAndExtensions.CreatePackage -->
