<?xml version="1.0" encoding="UTF-8"?>
<!-- Generated by org.testng.reporters.JUnitReportReporter -->
<testsuite hostname="IL-nben-har-W2" failures="0" tests="2" name="com.bmc.mvmm_api.tests.agentAndExstentions.DeletePackageTest" time="6.198" errors="0" timestamp="28 Nov 2022 10:48:24 GMT" skipped="0">
  <testcase classname="com.bmc.mvmm_api.tests.agentAndExstentions.DeletePackageTest" name="T02_Delete" time="1.871"/>
  <testcase classname="com.bmc.mvmm_api.tests.agentAndExstentions.DeletePackageTest" name="T01_CreateNewPackage" time="4.327"/>
</testsuite> <!-- com.bmc.mvmm_api.tests.agentAndExstentions.DeletePackageTest -->
