<?xml version="1.0" encoding="UTF-8"?>
<!-- Generated by org.testng.reporters.JUnitReportReporter -->
<testsuite hostname="IL-nben-har-W2" failures="0" tests="9" name="com.bmc.mvmm.test.AgentDownload.AgentDownload_ToolbarDropdownTest" time="44.329" errors="0" timestamp="02 Oct 2022 08:25:49 GMT" skipped="0">
  <testcase classname="com.bmc.mvmm.test.AgentDownload.AgentDownload_ToolbarDropdownTest" name="T06_verifyContactBMCDropdownText" time="0.041"/>
  <testcase classname="com.bmc.mvmm.test.AgentDownload.AgentDownload_ToolbarDropdownTest" name="T08_clickContactBMC" time="17.729"/>
  <testcase classname="com.bmc.mvmm.test.AgentDownload.AgentDownload_ToolbarDropdownTest" name="T02_verifySignedAs" time="0.044"/>
  <testcase classname="com.bmc.mvmm.test.AgentDownload.AgentDownload_ToolbarDropdownTest" name="T03_verifySignedAsUser" time="0.039"/>
  <testcase classname="com.bmc.mvmm.test.AgentDownload.AgentDownload_ToolbarDropdownTest" name="T01_verifyTitleProduct" time="22.028"/>
  <testcase classname="com.bmc.mvmm.test.AgentDownload.AgentDownload_ToolbarDropdownTest" name="T05_verifyAboutDropdownText" time="0.044"/>
  <testcase classname="com.bmc.mvmm.test.AgentDownload.AgentDownload_ToolbarDropdownTest" name="T07_verifySignOutDropdownText" time="0.068"/>
  <testcase classname="com.bmc.mvmm.test.AgentDownload.AgentDownload_ToolbarDropdownTest" name="T04_verifyHelpDropdownText" time="0.094"/>
  <testcase classname="com.bmc.mvmm.test.AgentDownload.AgentDownload_ToolbarDropdownTest" name="T09_clickHelp" time="4.242"/>
</testsuite> <!-- com.bmc.mvmm.test.AgentDownload.AgentDownload_ToolbarDropdownTest -->
