<?xml version="1.0" encoding="UTF-8"?>
<!-- Generated by org.testng.reporters.JUnitReportReporter -->
<testsuite hostname="IL-nben-har-W2" failures="0" tests="10" name="com.bmc.mvmm.test.AgentDownload.CreateNewPackage.platformsContent.LinuxZ" time="34.140" errors="0" timestamp="24 Nov 2022 10:19:17 GMT" skipped="0">
  <testcase classname="com.bmc.mvmm.test.AgentDownload.CreateNewPackage.platformsContent.LinuxZ" name="T11_Selectall" time="0.253"/>
  <testcase classname="com.bmc.mvmm.test.AgentDownload.CreateNewPackage.platformsContent.LinuxZ" name="T09_ContentThatAppearsInTheList" time="0.132"/>
  <testcase classname="com.bmc.mvmm.test.AgentDownload.CreateNewPackage.platformsContent.LinuxZ" name="T10_Selectall" time="0.041"/>
  <testcase classname="com.bmc.mvmm.test.AgentDownload.CreateNewPackage.platformsContent.LinuxZ" name="T07_ContentThatAppearsInTheList" time="4.569"/>
  <testcase classname="com.bmc.mvmm.test.AgentDownload.CreateNewPackage.platformsContent.LinuxZ" name="T01_verifyTitleProduct" time="20.354"/>
  <testcase classname="com.bmc.mvmm.test.AgentDownload.CreateNewPackage.platformsContent.LinuxZ" name="T02_SelectLinuxZSeries" time="8.442"/>
  <testcase classname="com.bmc.mvmm.test.AgentDownload.CreateNewPackage.platformsContent.LinuxZ" name="T03_SelectedContent" time="0.066"/>
  <testcase classname="com.bmc.mvmm.test.AgentDownload.CreateNewPackage.platformsContent.LinuxZ" name="T04_SelectedContent" time="0.087"/>
  <testcase classname="com.bmc.mvmm.test.AgentDownload.CreateNewPackage.platformsContent.LinuxZ" name="T05_SelectedContent" time="0.109"/>
  <testcase classname="com.bmc.mvmm.test.AgentDownload.CreateNewPackage.platformsContent.LinuxZ" name="T08_ContentThatAppearsInTheList" time="0.087"/>
</testsuite> <!-- com.bmc.mvmm.test.AgentDownload.CreateNewPackage.platformsContent.LinuxZ -->
