<?xml version="1.0" encoding="UTF-8"?>
<!-- Generated by org.testng.reporters.JUnitReportReporter -->
<testsuite hostname="IL-nben-har-W2" failures="0" tests="10" name="com.bmc.mvmm.test.AgentDownload.CreateNewPackage.platformsContent.HP" time="36.764" errors="0" timestamp="24 Nov 2022 10:16:02 GMT" skipped="0">
  <testcase classname="com.bmc.mvmm.test.AgentDownload.CreateNewPackage.platformsContent.HP" name="T09_Selectall" time="0.046"/>
  <testcase classname="com.bmc.mvmm.test.AgentDownload.CreateNewPackage.platformsContent.HP" name="T10_Selectall" time="0.240"/>
  <testcase classname="com.bmc.mvmm.test.AgentDownload.CreateNewPackage.platformsContent.HP" name="T01_verifyTitleProduct" time="20.248"/>
  <testcase classname="com.bmc.mvmm.test.AgentDownload.CreateNewPackage.platformsContent.HP" name="T05_SelectedContent" time="0.037"/>
  <testcase classname="com.bmc.mvmm.test.AgentDownload.CreateNewPackage.platformsContent.HP" name="T08_ContentThatAppearsInTheList" time="0.154"/>
  <testcase classname="com.bmc.mvmm.test.AgentDownload.CreateNewPackage.platformsContent.HP" name="T03_SelectedContent" time="3.077"/>
  <testcase classname="com.bmc.mvmm.test.AgentDownload.CreateNewPackage.platformsContent.HP" name="T02_SelectHP" time="8.328"/>
  <testcase classname="com.bmc.mvmm.test.AgentDownload.CreateNewPackage.platformsContent.HP" name="T04_SelectedContent" time="0.112"/>
  <testcase classname="com.bmc.mvmm.test.AgentDownload.CreateNewPackage.platformsContent.HP" name="T07_ContentThatAppearsInTheList" time="4.406"/>
  <testcase classname="com.bmc.mvmm.test.AgentDownload.CreateNewPackage.platformsContent.HP" name="T06_SelectedContent" time="0.116"/>
</testsuite> <!-- com.bmc.mvmm.test.AgentDownload.CreateNewPackage.platformsContent.HP -->
