<?xml version="1.0" encoding="UTF-8"?>
<!-- Generated by org.testng.reporters.JUnitReportReporter -->
<testsuite hostname="IL-nben-har-W2" failures="0" tests="15" name="com.bmc.mvmm_api.tests.agentAndExtensions.UpdatePackage" time="38.675" errors="0" timestamp="08 Dec 2022 13:06:03 GMT" skipped="0">
  <testcase classname="com.bmc.mvmm_api.tests.agentAndExtensions.UpdatePackage" name="T08_updateNullOS" time="1.629"/>
  <testcase classname="com.bmc.mvmm_api.tests.agentAndExtensions.UpdatePackage" name="T09_updateMissingCheckSum" time="1.816"/>
  <testcase classname="com.bmc.mvmm_api.tests.agentAndExtensions.UpdatePackage" name="T12_update" time="4.326"/>
  <testcase classname="com.bmc.mvmm_api.tests.agentAndExtensions.UpdatePackage" name="T13_update" time="3.185"/>
  <testcase classname="com.bmc.mvmm_api.tests.agentAndExtensions.UpdatePackage" name="T06_updateNullRootFolder" time="1.662"/>
  <testcase classname="com.bmc.mvmm_api.tests.agentAndExtensions.UpdatePackage" name="T07_updateMissingOS" time="0.914"/>
  <testcase classname="com.bmc.mvmm_api.tests.agentAndExtensions.UpdatePackage" name="T15_deletePackage" time="2.315"/>
  <testcase classname="com.bmc.mvmm_api.tests.agentAndExtensions.UpdatePackage" name="T05_updateMissingRootFolder" time="1.748"/>
  <testcase classname="com.bmc.mvmm_api.tests.agentAndExtensions.UpdatePackage" name="T10_updateNullCheckSum" time="0.886"/>
  <testcase classname="com.bmc.mvmm_api.tests.agentAndExtensions.UpdatePackage" name="T04_updateNullName" time="0.901"/>
  <testcase classname="com.bmc.mvmm_api.tests.agentAndExtensions.UpdatePackage" name="T11_updateWrongID" time="1.608"/>
  <testcase classname="com.bmc.mvmm_api.tests.agentAndExtensions.UpdatePackage" name="T14_update" time="5.045"/>
  <testcase classname="com.bmc.mvmm_api.tests.agentAndExtensions.UpdatePackage" name="T01_CreateNewPackage" time="6.157"/>
  <testcase classname="com.bmc.mvmm_api.tests.agentAndExtensions.UpdatePackage" name="T02_SetNewNameToPackage" time="3.857"/>
  <testcase classname="com.bmc.mvmm_api.tests.agentAndExtensions.UpdatePackage" name="T03_updateMissingName" time="2.626"/>
</testsuite> <!-- com.bmc.mvmm_api.tests.agentAndExtensions.UpdatePackage -->
