<?xml version="1.0" encoding="UTF-8"?>
<!-- Generated by org.testng.reporters.JUnitReportReporter -->
<testsuite hostname="IL-nben-har-W2" failures="0" tests="20" name="com.bmc.mvmm.test.AgentDownload.CreateNewPackage.AllFieldsTest" time="76.850" errors="0" timestamp="23 Nov 2022 12:51:54 GMT" skipped="0">
  <testcase classname="com.bmc.mvmm.test.AgentDownload.CreateNewPackage.AllFieldsTest" name="T14_incorrectPackageName" time="7.801"/>
  <testcase classname="com.bmc.mvmm.test.AgentDownload.CreateNewPackage.AllFieldsTest" name="T01_verifyTitleProduct" time="22.396"/>
  <testcase classname="com.bmc.mvmm.test.AgentDownload.CreateNewPackage.AllFieldsTest" name="T19_EmptyStateConnectionIssueContent" time="4.349"/>
  <testcase classname="com.bmc.mvmm.test.AgentDownload.CreateNewPackage.AllFieldsTest" name="T13_verifyContinueButtonText" time="0.027"/>
  <testcase classname="com.bmc.mvmm.test.AgentDownload.CreateNewPackage.AllFieldsTest" name="T07_verifyExtractIntoFolderNameLabelName" time="0.098"/>
  <testcase classname="com.bmc.mvmm.test.AgentDownload.CreateNewPackage.AllFieldsTest" name="T12_verifyDiscardButtonText" time="0.030"/>
  <testcase classname="com.bmc.mvmm.test.AgentDownload.CreateNewPackage.AllFieldsTest" name="T06_verifyDescriptionPlaceHolder" time="0.040"/>
  <testcase classname="com.bmc.mvmm.test.AgentDownload.CreateNewPackage.AllFieldsTest" name="T17_EmptyExtractFolderName" time="11.917"/>
  <testcase classname="com.bmc.mvmm.test.AgentDownload.CreateNewPackage.AllFieldsTest" name="T11_verifyScriptLabelName" time="0.095"/>
  <testcase classname="com.bmc.mvmm.test.AgentDownload.CreateNewPackage.AllFieldsTest" name="T08_verifyRootFolderPlaceholder" time="0.111"/>
  <testcase classname="com.bmc.mvmm.test.AgentDownload.CreateNewPackage.AllFieldsTest" name="T03_verifyPackageNameLabelText" time="0.269"/>
  <testcase classname="com.bmc.mvmm.test.AgentDownload.CreateNewPackage.AllFieldsTest" name="T04_verifyPackageNamePlaceHolder" time="0.031"/>
  <testcase classname="com.bmc.mvmm.test.AgentDownload.CreateNewPackage.AllFieldsTest" name="T09_verifyPlatformLabelName" time="0.070"/>
  <testcase classname="com.bmc.mvmm.test.AgentDownload.CreateNewPackage.AllFieldsTest" name="T16_incorrectDescription" time="10.911"/>
  <testcase classname="com.bmc.mvmm.test.AgentDownload.CreateNewPackage.AllFieldsTest" name="T20_EmptyStateConnectionIssueScripts" time="6.273"/>
  <testcase classname="com.bmc.mvmm.test.AgentDownload.CreateNewPackage.AllFieldsTest" name="T02_verifyTitle" time="0.069"/>
  <testcase classname="com.bmc.mvmm.test.AgentDownload.CreateNewPackage.AllFieldsTest" name="T05_verifyDescriptionLabelText" time="0.058"/>
  <testcase classname="com.bmc.mvmm.test.AgentDownload.CreateNewPackage.AllFieldsTest" name="T15_incorrectPackageNameSpaces" time="7.983"/>
  <testcase classname="com.bmc.mvmm.test.AgentDownload.CreateNewPackage.AllFieldsTest" name="T10_verifyContentLabelName" time="0.067"/>
  <testcase classname="com.bmc.mvmm.test.AgentDownload.CreateNewPackage.AllFieldsTest" name="T18_EmptyStateLabelText" time="4.255"/>
</testsuite> <!-- com.bmc.mvmm.test.AgentDownload.CreateNewPackage.AllFieldsTest -->
