<?xml version="1.0" encoding="UTF-8"?>
<!-- Generated by org.testng.reporters.JUnitReportReporter -->
<testsuite hostname="IL-nben-har-W2" failures="0" tests="5" name="com.bmc.mvmm_api.tests.agentAndExtensions.DeletePackage" time="12.800" errors="0" timestamp="08 Dec 2022 13:00:09 GMT" skipped="0">
  <testcase classname="com.bmc.mvmm_api.tests.agentAndExtensions.DeletePackage" name="T05_DeleteEmptyId" time="1.308"/>
  <testcase classname="com.bmc.mvmm_api.tests.agentAndExtensions.DeletePackage" name="T02_DeleteThePackage" time="2.643"/>
  <testcase classname="com.bmc.mvmm_api.tests.agentAndExtensions.DeletePackage" name="T03_DeleteNotExistPackage" time="1.749"/>
  <testcase classname="com.bmc.mvmm_api.tests.agentAndExtensions.DeletePackage" name="T04_DeleteMissingId" time="1.698"/>
  <testcase classname="com.bmc.mvmm_api.tests.agentAndExtensions.DeletePackage" name="T01_CreateNewPackage" time="5.402"/>
</testsuite> <!-- com.bmc.mvmm_api.tests.agentAndExtensions.DeletePackage -->
