<?xml version="1.0" encoding="UTF-8"?>
<!-- Generated by org.testng.reporters.JUnitReportReporter -->
<testsuite hostname="IL-nben-har-W2" failures="0" tests="11" name="com.bmc.mvmm_api.tests.agentAndExtensions.DownloadPackage" time="19.704" errors="0" timestamp="08 Dec 2022 13:00:43 GMT" skipped="0">
  <testcase classname="com.bmc.mvmm_api.tests.agentAndExtensions.DownloadPackage" name="T05_DownloadEmptyID" time="0.590"/>
  <testcase classname="com.bmc.mvmm_api.tests.agentAndExtensions.DownloadPackage" name="T06_DownloadNullID" time="0.896"/>
  <testcase classname="com.bmc.mvmm_api.tests.agentAndExtensions.DownloadPackage" name="T01_CreateNewPackage" time="6.582"/>
  <testcase classname="com.bmc.mvmm_api.tests.agentAndExtensions.DownloadPackage" name="T11_Delete" time="2.206"/>
  <testcase classname="com.bmc.mvmm_api.tests.agentAndExtensions.DownloadPackage" name="T04_DownloadTGZ" time="1.274"/>
  <testcase classname="com.bmc.mvmm_api.tests.agentAndExtensions.DownloadPackage" name="T10_DownloadNotExistFormat" time="1.533"/>
  <testcase classname="com.bmc.mvmm_api.tests.agentAndExtensions.DownloadPackage" name="T03_DownloadTAR" time="1.970"/>
  <testcase classname="com.bmc.mvmm_api.tests.agentAndExtensions.DownloadPackage" name="T08_DownloadEmptyFormat" time="1.522"/>
  <testcase classname="com.bmc.mvmm_api.tests.agentAndExtensions.DownloadPackage" name="T07_DownloadNotExistID" time="0.888"/>
  <testcase classname="com.bmc.mvmm_api.tests.agentAndExtensions.DownloadPackage" name="T02_DownloadZIP" time="1.378"/>
  <testcase classname="com.bmc.mvmm_api.tests.agentAndExtensions.DownloadPackage" name="T09_DownloadNullFormat" time="0.865"/>
</testsuite> <!-- com.bmc.mvmm_api.tests.agentAndExtensions.DownloadPackage -->
