<?xml version="1.0" encoding="UTF-8"?>
<!-- Generated by org.testng.reporters.JUnitReportReporter -->
<testsuite hostname="IL-nben-har-W2" failures="0" tests="10" name="com.bmc.mvmm_api.tests.agentAndExstentions.GetPlatforms_DisplayName" time="3.574" errors="0" timestamp="28 Nov 2022 10:30:21 GMT" skipped="0">
  <testcase classname="com.bmc.mvmm_api.tests.agentAndExstentions.GetPlatforms_DisplayName" name="T05_validateWindows" time="0.003"/>
  <testcase classname="com.bmc.mvmm_api.tests.agentAndExstentions.GetPlatforms_DisplayName" name="T04_validateLinux64" time="0.003"/>
  <testcase classname="com.bmc.mvmm_api.tests.agentAndExstentions.GetPlatforms_DisplayName" name="T09_validateSolarisSparc" time="0.002"/>
  <testcase classname="com.bmc.mvmm_api.tests.agentAndExstentions.GetPlatforms_DisplayName" name="T08_validateZOS" time="0.002"/>
  <testcase classname="com.bmc.mvmm_api.tests.agentAndExstentions.GetPlatforms_DisplayName" name="T01_GetPlatforms" time="3.547"/>
  <testcase classname="com.bmc.mvmm_api.tests.agentAndExstentions.GetPlatforms_DisplayName" name="T03_validateLinuxZ" time="0.003"/>
  <testcase classname="com.bmc.mvmm_api.tests.agentAndExstentions.GetPlatforms_DisplayName" name="T06_validateAIX" time="0.003"/>
  <testcase classname="com.bmc.mvmm_api.tests.agentAndExstentions.GetPlatforms_DisplayName" name="T02_validateAS400" time="0.005"/>
  <testcase classname="com.bmc.mvmm_api.tests.agentAndExstentions.GetPlatforms_DisplayName" name="T07_validateHP" time="0.003"/>
  <testcase classname="com.bmc.mvmm_api.tests.agentAndExstentions.GetPlatforms_DisplayName" name="T10_validateSolaris" time="0.003"/>
</testsuite> <!-- com.bmc.mvmm_api.tests.agentAndExstentions.GetPlatforms_DisplayName -->
