<?xml version="1.0" encoding="UTF-8"?>
<!-- Generated by org.testng.reporters.JUnitReportReporter -->
<testsuite hostname="IL-nben-har-W2" failures="0" tests="25" name="com.bmc.mvmm.test.AgentDownload.AgentDownload_TableGeneralEmptyState" time="50.484" errors="0" timestamp="23 Nov 2022 11:41:28 GMT" skipped="0">
  <testcase classname="com.bmc.mvmm.test.AgentDownload.AgentDownload_TableGeneralEmptyState" name="T08_NewPackageTextButton" time="0.022"/>
  <testcase classname="com.bmc.mvmm.test.AgentDownload.AgentDownload_TableGeneralEmptyState" name="T13_headerModifiedBy" time="0.054"/>
  <testcase classname="com.bmc.mvmm.test.AgentDownload.AgentDownload_TableGeneralEmptyState" name="T07_CollapseAllText" time="0.051"/>
  <testcase classname="com.bmc.mvmm.test.AgentDownload.AgentDownload_TableGeneralEmptyState" name="T04_validateTitleTable" time="0.022"/>
  <testcase classname="com.bmc.mvmm.test.AgentDownload.AgentDownload_TableGeneralEmptyState" name="T16_collapseAll" time="0.068"/>
  <testcase classname="com.bmc.mvmm.test.AgentDownload.AgentDownload_TableGeneralEmptyState" name="T18_validateTableData_Name" time="0.031"/>
  <testcase classname="com.bmc.mvmm.test.AgentDownload.AgentDownload_TableGeneralEmptyState" name="T01_verifyTitleProduct" time="21.995"/>
  <testcase classname="com.bmc.mvmm.test.AgentDownload.AgentDownload_TableGeneralEmptyState" name="T19_validateTableData_Platform" time="0.188"/>
  <testcase classname="com.bmc.mvmm.test.AgentDownload.AgentDownload_TableGeneralEmptyState" name="T11_headerCreationDate" time="0.038"/>
  <testcase classname="com.bmc.mvmm.test.AgentDownload.AgentDownload_TableGeneralEmptyState" name="T03_validateNotification" time="0.040"/>
  <testcase classname="com.bmc.mvmm.test.AgentDownload.AgentDownload_TableGeneralEmptyState" name="T10_headerPlatform" time="0.043"/>
  <testcase classname="com.bmc.mvmm.test.AgentDownload.AgentDownload_TableGeneralEmptyState" name="T24_DeleteAll" time="6.388"/>
  <testcase classname="com.bmc.mvmm.test.AgentDownload.AgentDownload_TableGeneralEmptyState" name="T25_clickNavigationHeader_Home" time="2.082"/>
  <testcase classname="com.bmc.mvmm.test.AgentDownload.AgentDownload_TableGeneralEmptyState" name="T02_CreateNew" time="18.885"/>
  <testcase classname="com.bmc.mvmm.test.AgentDownload.AgentDownload_TableGeneralEmptyState" name="T05_AdvancedFilter" time="0.023"/>
  <testcase classname="com.bmc.mvmm.test.AgentDownload.AgentDownload_TableGeneralEmptyState" name="T09_headerName" time="0.035"/>
  <testcase classname="com.bmc.mvmm.test.AgentDownload.AgentDownload_TableGeneralEmptyState" name="T15_headerActions" time="0.080"/>
  <testcase classname="com.bmc.mvmm.test.AgentDownload.AgentDownload_TableGeneralEmptyState" name="T14_headerDescription" time="0.060"/>
  <testcase classname="com.bmc.mvmm.test.AgentDownload.AgentDownload_TableGeneralEmptyState" name="T17_ExpandAll" time="0.098"/>
  <testcase classname="com.bmc.mvmm.test.AgentDownload.AgentDownload_TableGeneralEmptyState" name="T20_validateTableData_user" time="0.071"/>
  <testcase classname="com.bmc.mvmm.test.AgentDownload.AgentDownload_TableGeneralEmptyState" name="T21_validateTableData_description" time="0.062"/>
  <testcase classname="com.bmc.mvmm.test.AgentDownload.AgentDownload_TableGeneralEmptyState" name="T12_headerLastModificationDate" time="0.041"/>
  <testcase classname="com.bmc.mvmm.test.AgentDownload.AgentDownload_TableGeneralEmptyState" name="T06_ExpandAllText" time="0.064"/>
  <testcase classname="com.bmc.mvmm.test.AgentDownload.AgentDownload_TableGeneralEmptyState" name="T22_verifyNavigationHeader_AgentAndExtensions" time="0.027"/>
  <testcase classname="com.bmc.mvmm.test.AgentDownload.AgentDownload_TableGeneralEmptyState" name="T23_verifyNavigationHeader_Home" time="0.016"/>
</testsuite> <!-- com.bmc.mvmm.test.AgentDownload.AgentDownload_TableGeneralEmptyState -->
