<?xml version="1.0" encoding="UTF-8"?>
<!-- Generated by org.testng.reporters.JUnitReportReporter -->
<testsuite hostname="IL-nben-har-W2" failures="0" tests="7" name="com.bmc.mvmm.test.AgentDownload.CreateNewPackage.platformsContent.AS400" time="29.987" errors="0" timestamp="24 Nov 2022 10:12:47 GMT" skipped="0">
  <testcase classname="com.bmc.mvmm.test.AgentDownload.CreateNewPackage.platformsContent.AS400" name="T06_Selectall" time="0.039"/>
  <testcase classname="com.bmc.mvmm.test.AgentDownload.CreateNewPackage.platformsContent.AS400" name="T01_verifyTitleProduct" time="20.076"/>
  <testcase classname="com.bmc.mvmm.test.AgentDownload.CreateNewPackage.platformsContent.AS400" name="T05_SelectedContent" time="0.101"/>
  <testcase classname="com.bmc.mvmm.test.AgentDownload.CreateNewPackage.platformsContent.AS400" name="T04_SelectedContent" time="0.059"/>
  <testcase classname="com.bmc.mvmm.test.AgentDownload.CreateNewPackage.platformsContent.AS400" name="T02_SelectAS400" time="7.311"/>
  <testcase classname="com.bmc.mvmm.test.AgentDownload.CreateNewPackage.platformsContent.AS400" name="T07_Selectall" time="0.346"/>
  <testcase classname="com.bmc.mvmm.test.AgentDownload.CreateNewPackage.platformsContent.AS400" name="T03_SelectedContent" time="2.055"/>
</testsuite> <!-- com.bmc.mvmm.test.AgentDownload.CreateNewPackage.platformsContent.AS400 -->
