<?xml version="1.0" encoding="UTF-8"?>
<!-- Generated by org.testng.reporters.JUnitReportReporter -->
<testsuite hostname="IL-nben-har-W2" failures="0" tests="6" name="com.bmc.mvmm_api.tests.agentAndExtensions.GetPackages" time="10.309" errors="0" timestamp="08 Dec 2022 13:02:26 GMT" skipped="0">
  <testcase classname="com.bmc.mvmm_api.tests.agentAndExtensions.GetPackages" name="T06_GetPackageWhenListEmpty" time="1.554"/>
  <testcase classname="com.bmc.mvmm_api.tests.agentAndExtensions.GetPackages" name="T05_DeleteThePackage" time="1.646"/>
  <testcase classname="com.bmc.mvmm_api.tests.agentAndExtensions.GetPackages" name="T02_GetPackagesAndValidate" time="1.613"/>
  <testcase classname="com.bmc.mvmm_api.tests.agentAndExtensions.GetPackages" name="T04_validateName" time="0.002"/>
  <testcase classname="com.bmc.mvmm_api.tests.agentAndExtensions.GetPackages" name="T03_validateID" time="0.015"/>
  <testcase classname="com.bmc.mvmm_api.tests.agentAndExtensions.GetPackages" name="T01_CreateNewPackage" time="5.479"/>
</testsuite> <!-- com.bmc.mvmm_api.tests.agentAndExtensions.GetPackages -->
