<?xml version="1.0" encoding="UTF-8"?>
<!-- Generated by org.testng.reporters.JUnitReportReporter -->
<testsuite hostname="IL-nben-har-W2" failures="0" tests="1" name="API.tests.PaginationBehavior2" time="25.513" errors="0" timestamp="2024-06-03T12:35:50 IDT" skipped="0">
  <testcase classname="API.tests.PaginationBehavior2" name="testPaginationBehavior" time="25.513"/>
  <system-out/>
</testsuite> <!-- API.tests.PaginationBehavior2 -->
