<?xml version="1.0" encoding="UTF-8"?>
<!-- Generated by org.testng.reporters.JUnitReportReporter -->
<testsuite hostname="IL-nben-har-W2" failures="0" tests="8" name="com.bmc.mvmm.test.AgentDownload.CreateNewPackage.platformsContent.ZoS64" time="32.892" errors="0" timestamp="24 Nov 2022 11:22:14 GMT" skipped="0">
  <testcase classname="com.bmc.mvmm.test.AgentDownload.CreateNewPackage.platformsContent.ZoS64" name="T08_ContentThatAppearsInTheList" time="4.410"/>
  <testcase classname="com.bmc.mvmm.test.AgentDownload.CreateNewPackage.platformsContent.ZoS64" name="T12_Clearall" time="0.162"/>
  <testcase classname="com.bmc.mvmm.test.AgentDownload.CreateNewPackage.platformsContent.ZoS64" name="T04_SelectedContent" time="0.043"/>
  <testcase classname="com.bmc.mvmm.test.AgentDownload.CreateNewPackage.platformsContent.ZoS64" name="T02_selectZOS64" time="7.755"/>
  <testcase classname="com.bmc.mvmm.test.AgentDownload.CreateNewPackage.platformsContent.ZoS64" name="T01_verifyTitleProduct" time="20.215"/>
  <testcase classname="com.bmc.mvmm.test.AgentDownload.CreateNewPackage.platformsContent.ZoS64" name="T05_SelectedContent" time="0.101"/>
  <testcase classname="com.bmc.mvmm.test.AgentDownload.CreateNewPackage.platformsContent.ZoS64" name="T11_Selectall" time="0.122"/>
  <testcase classname="com.bmc.mvmm.test.AgentDownload.CreateNewPackage.platformsContent.ZoS64" name="T03_SelectedContent" time="0.084"/>
</testsuite> <!-- com.bmc.mvmm.test.AgentDownload.CreateNewPackage.platformsContent.ZoS64 -->
