<?xml version="1.0" encoding="UTF-8"?>
<!-- Generated by org.testng.reporters.JUnitReportReporter -->
<testsuite hostname="IL-nben-har-W2" failures="0" tests="10" name="com.bmc.mvmm.test.AgentDownload.CreateNewPackage.platformsContent.Solaris" time="33.460" errors="0" timestamp="24 Nov 2022 10:20:30 GMT" skipped="0">
  <testcase classname="com.bmc.mvmm.test.AgentDownload.CreateNewPackage.platformsContent.Solaris" name="T10_Selectall" time="0.040"/>
  <testcase classname="com.bmc.mvmm.test.AgentDownload.CreateNewPackage.platformsContent.Solaris" name="T03_SelectedContent" time="0.058"/>
  <testcase classname="com.bmc.mvmm.test.AgentDownload.CreateNewPackage.platformsContent.Solaris" name="T04_SelectedContent" time="0.026"/>
  <testcase classname="com.bmc.mvmm.test.AgentDownload.CreateNewPackage.platformsContent.Solaris" name="T05_SelectedContent" time="0.088"/>
  <testcase classname="com.bmc.mvmm.test.AgentDownload.CreateNewPackage.platformsContent.Solaris" name="T02_SelectSolaris86" time="8.316"/>
  <testcase classname="com.bmc.mvmm.test.AgentDownload.CreateNewPackage.platformsContent.Solaris" name="T01_verifyTitleProduct" time="20.156"/>
  <testcase classname="com.bmc.mvmm.test.AgentDownload.CreateNewPackage.platformsContent.Solaris" name="T07_ContentThatAppearsInTheList" time="4.391"/>
  <testcase classname="com.bmc.mvmm.test.AgentDownload.CreateNewPackage.platformsContent.Solaris" name="T08_ContentThatAppearsInTheList" time="0.095"/>
  <testcase classname="com.bmc.mvmm.test.AgentDownload.CreateNewPackage.platformsContent.Solaris" name="T11_Selectall" time="0.218"/>
  <testcase classname="com.bmc.mvmm.test.AgentDownload.CreateNewPackage.platformsContent.Solaris" name="T06_SelectedContent" time="0.072"/>
</testsuite> <!-- com.bmc.mvmm.test.AgentDownload.CreateNewPackage.platformsContent.Solaris -->
