<?xml version="1.0" encoding="UTF-8"?>
<!-- Generated by org.testng.reporters.JUnitReportReporter -->
<testsuite hostname="IL-nben-har-W2" failures="0" tests="11" name="com.bmc.mvmm.test.AgentDownload.CreateNewPackage.Platforms" time="29.329" errors="0" timestamp="02 Oct 2022 10:32:15 GMT" skipped="0">
  <testcase classname="com.bmc.mvmm.test.AgentDownload.CreateNewPackage.Platforms" name="T06_verifyLinuxZinList" time="0.268"/>
  <testcase classname="com.bmc.mvmm.test.AgentDownload.CreateNewPackage.Platforms" name="T01_navigateToAgentDownloadPage" time="19.797"/>
  <testcase classname="com.bmc.mvmm.test.AgentDownload.CreateNewPackage.Platforms" name="T05_verifyLinux64inList" time="0.199"/>
  <testcase classname="com.bmc.mvmm.test.AgentDownload.CreateNewPackage.Platforms" name="T08_verifySolarisinList" time="1.318"/>
  <testcase classname="com.bmc.mvmm.test.AgentDownload.CreateNewPackage.Platforms" name="T11_verifyAIXheaderAfterSelect" time="2.230"/>
  <testcase classname="com.bmc.mvmm.test.AgentDownload.CreateNewPackage.Platforms" name="T07_verifySolarisSparcinList" time="0.315"/>
  <testcase classname="com.bmc.mvmm.test.AgentDownload.CreateNewPackage.Platforms" name="T04_verifyHPinList" time="1.176"/>
  <testcase classname="com.bmc.mvmm.test.AgentDownload.CreateNewPackage.Platforms" name="T03_verifyAS400inList" time="1.156"/>
  <testcase classname="com.bmc.mvmm.test.AgentDownload.CreateNewPackage.Platforms" name="T09_verifyWindowsinList" time="0.318"/>
  <testcase classname="com.bmc.mvmm.test.AgentDownload.CreateNewPackage.Platforms" name="T02_verifyAIXinList" time="2.178"/>
  <testcase classname="com.bmc.mvmm.test.AgentDownload.CreateNewPackage.Platforms" name="T10_verifyZOS64inList" time="0.374"/>
</testsuite> <!-- com.bmc.mvmm.test.AgentDownload.CreateNewPackage.Platforms -->
