<?xml version="1.0" encoding="UTF-8"?>
<!-- Generated by org.testng.reporters.JUnitReportReporter -->
<testsuite hostname="IL-nben-har-W2" failures="0" tests="10" name="com.bmc.mvmm.test.AgentDownload.AgentDownload_Edit" time="109.866" errors="0" timestamp="23 Nov 2022 11:24:23 GMT" skipped="0">
  <testcase classname="com.bmc.mvmm.test.AgentDownload.AgentDownload_Edit" name="T08_validateTableDataNewName" time="0.032"/>
  <testcase classname="com.bmc.mvmm.test.AgentDownload.AgentDownload_Edit" name="T05_validateNameconatinPackageName" time="0.019"/>
  <testcase classname="com.bmc.mvmm.test.AgentDownload.AgentDownload_Edit" name="T07_updatePackageName" time="11.191"/>
  <testcase classname="com.bmc.mvmm.test.AgentDownload.AgentDownload_Edit" name="T03_validateNotification" time="0.030"/>
  <testcase classname="com.bmc.mvmm.test.AgentDownload.AgentDownload_Edit" name="T09_updateToExistPackageName" time="45.428"/>
  <testcase classname="com.bmc.mvmm.test.AgentDownload.AgentDownload_Edit" name="T04_titleNameEditPackage" time="6.656"/>
  <testcase classname="com.bmc.mvmm.test.AgentDownload.AgentDownload_Edit" name="T01_navigateToCreateNew" time="21.008"/>
  <testcase classname="com.bmc.mvmm.test.AgentDownload.AgentDownload_Edit" name="T02_CreateNew" time="19.024"/>
  <testcase classname="com.bmc.mvmm.test.AgentDownload.AgentDownload_Edit" name="T06_validateDescription" time="0.018"/>
  <testcase classname="com.bmc.mvmm.test.AgentDownload.AgentDownload_Edit" name="T10_DeleteAll" time="6.460"/>
</testsuite> <!-- com.bmc.mvmm.test.AgentDownload.AgentDownload_Edit -->
