<?xml version="1.0" encoding="UTF-8"?>
<!-- Generated by org.testng.reporters.JUnitReportReporter -->
<testsuite hostname="IL-nben-har-W2" failures="0" tests="7" name="com.bmc.mvmm_api.tests.agentAndExstentions.GetExtensionsByPlatform_as400" time="3.689" errors="0" timestamp="21 Nov 2022 15:05:02 GMT" skipped="0">
  <testcase classname="com.bmc.mvmm_api.tests.agentAndExstentions.GetExtensionsByPlatform_as400" name="T07_validateagentprefPkg" time="0.003"/>
  <testcase classname="com.bmc.mvmm_api.tests.agentAndExstentions.GetExtensionsByPlatform_as400" name="T01_GetPlatforms" time="3.666"/>
  <testcase classname="com.bmc.mvmm_api.tests.agentAndExstentions.GetExtensionsByPlatform_as400" name="T04_validateMVMMExtensibleAgentPreferenceTool" time="0.003"/>
  <testcase classname="com.bmc.mvmm_api.tests.agentAndExstentions.GetExtensionsByPlatform_as400" name="T06_validatebmmtm_agentPkg" time="0.003"/>
  <testcase classname="com.bmc.mvmm_api.tests.agentAndExstentions.GetExtensionsByPlatform_as400" name="T03_validateMVMMExtensibleAgen" time="0.003"/>
  <testcase classname="com.bmc.mvmm_api.tests.agentAndExstentions.GetExtensionsByPlatform_as400" name="T02_validateMVMMExtensibleAgent" time="0.008"/>
  <testcase classname="com.bmc.mvmm_api.tests.agentAndExstentions.GetExtensionsByPlatform_as400" name="T05_validateAgentPkg" time="0.003"/>
</testsuite> <!-- com.bmc.mvmm_api.tests.agentAndExstentions.GetExtensionsByPlatform_as400 -->
