<?xml version="1.0" encoding="UTF-8"?>
<!-- Generated by org.testng.reporters.JUnitReportReporter -->
<testsuite hostname="IL-nben-har-W2" failures="0" tests="13" name="com.bmc.mvmm.test.AgentDownload.ActionMenu.ActionMenu_Delete" time="117.216" errors="0" timestamp="24 Nov 2022 11:52:53 GMT" skipped="0">
  <testcase classname="com.bmc.mvmm.test.AgentDownload.ActionMenu.ActionMenu_Delete" name="T04_validateDeleteConfirmationTitle" time="4.211"/>
  <testcase classname="com.bmc.mvmm.test.AgentDownload.ActionMenu.ActionMenu_Delete" name="T06_validateCancelButtonText" time="0.065"/>
  <testcase classname="com.bmc.mvmm.test.AgentDownload.ActionMenu.ActionMenu_Delete" name="T01_navigateToCreateNew" time="20.994"/>
  <testcase classname="com.bmc.mvmm.test.AgentDownload.ActionMenu.ActionMenu_Delete" name="T02_CreateNew" time="19.108"/>
  <testcase classname="com.bmc.mvmm.test.AgentDownload.ActionMenu.ActionMenu_Delete" name="T08_ClickOnCancel" time="2.085"/>
  <testcase classname="com.bmc.mvmm.test.AgentDownload.ActionMenu.ActionMenu_Delete" name="T12_DeleteAll_validateMessage" time="6.530"/>
  <testcase classname="com.bmc.mvmm.test.AgentDownload.ActionMenu.ActionMenu_Delete" name="T09_ClickDelete" time="6.260"/>
  <testcase classname="com.bmc.mvmm.test.AgentDownload.ActionMenu.ActionMenu_Delete" name="T10_notExistAfterDelete" time="0.009"/>
  <testcase classname="com.bmc.mvmm.test.AgentDownload.ActionMenu.ActionMenu_Delete" name="T05_confirmationMessage" time="0.023"/>
  <testcase classname="com.bmc.mvmm.test.AgentDownload.ActionMenu.ActionMenu_Delete" name="T03_validateNotification" time="0.025"/>
  <testcase classname="com.bmc.mvmm.test.AgentDownload.ActionMenu.ActionMenu_Delete" name="T07_validateDeleteButtonText" time="0.071"/>
  <testcase classname="com.bmc.mvmm.test.AgentDownload.ActionMenu.ActionMenu_Delete" name="T11_createSeveralPackagesToDeleteAll" time="57.801"/>
  <testcase classname="com.bmc.mvmm.test.AgentDownload.ActionMenu.ActionMenu_Delete" name="T13_DeleteAll" time="0.034"/>
</testsuite> <!-- com.bmc.mvmm.test.AgentDownload.ActionMenu.ActionMenu_Delete -->
