<?xml version="1.0" encoding="UTF-8"?>
<!-- Generated by org.testng.reporters.JUnitReportReporter -->
<testsuite hostname="IL-nben-har-W2" failures="0" tests="3" name="API.tests.agentAndExtensions.CreatePackage" time="3.982" errors="0" timestamp="12 Dec 2022 11:39:48 GMT" skipped="0">
  <testcase classname="API.tests.agentAndExtensions.CreatePackage" name="T02_GetBodyAsString" time="1.932"/>
  <testcase classname="API.tests.agentAndExtensions.CreatePackage" name="T04_" time="0.004"/>
  <testcase classname="API.tests.agentAndExtensions.CreatePackage" name="T03_GetAgeFromResponse" time="2.046"/>
</testsuite> <!-- API.tests.agentAndExtensions.CreatePackage -->
