<?xml version="1.0" encoding="UTF-8"?>
<!-- Generated by org.testng.reporters.JUnitReportReporter -->
<testsuite hostname="IL-nben-har-W2" failures="0" tests="2" name="API.tests.Register" time="8.770" errors="0" timestamp="2024-06-03T13:58:55 IDT" skipped="0">
  <testcase classname="API.tests.Register" name="T02_unsuccessfulRegister" time="0.957"/>
  <system-out/>
  <testcase classname="API.tests.Register" name="T01_successfulRegister" time="7.813"/>
  <system-out/>
</testsuite> <!-- API.tests.Register -->
