<?xml version="1.0" encoding="UTF-8"?>
<!-- Generated by org.testng.reporters.JUnitReportReporter -->
<testsuite hostname="IL-nben-har-W2" failures="0" tests="15" name="com.bmc.mvmm_api.tests.agentAndExstentions.UpdatePackage" time="25.112" errors="0" timestamp="05 Dec 2022 13:01:54 GMT" skipped="0">
  <testcase classname="com.bmc.mvmm_api.tests.agentAndExstentions.UpdatePackage" name="T06_updateNullRootFolder" time="0.872"/>
  <testcase classname="com.bmc.mvmm_api.tests.agentAndExstentions.UpdatePackage" name="T05_updateMissingRootFolder" time="0.875"/>
  <testcase classname="com.bmc.mvmm_api.tests.agentAndExstentions.UpdatePackage" name="T09_updateMissingCheckSum" time="0.874"/>
  <testcase classname="com.bmc.mvmm_api.tests.agentAndExstentions.UpdatePackage" name="T03_updateMissingName" time="1.796"/>
  <testcase classname="com.bmc.mvmm_api.tests.agentAndExstentions.UpdatePackage" name="T10_updateNullCheckSum" time="0.869"/>
  <testcase classname="com.bmc.mvmm_api.tests.agentAndExstentions.UpdatePackage" name="T04_updateNullName" time="0.869"/>
  <testcase classname="com.bmc.mvmm_api.tests.agentAndExstentions.UpdatePackage" name="T02_SetNewNameToPackage" time="2.354"/>
  <testcase classname="com.bmc.mvmm_api.tests.agentAndExstentions.UpdatePackage" name="T01_CreateNewPackage" time="5.065"/>
  <testcase classname="com.bmc.mvmm_api.tests.agentAndExstentions.UpdatePackage" name="T13_update" time="2.215"/>
  <testcase classname="com.bmc.mvmm_api.tests.agentAndExstentions.UpdatePackage" name="T08_updateNullOS" time="0.884"/>
  <testcase classname="com.bmc.mvmm_api.tests.agentAndExstentions.UpdatePackage" name="T07_updateMissingOS" time="0.870"/>
  <testcase classname="com.bmc.mvmm_api.tests.agentAndExstentions.UpdatePackage" name="T12_update" time="2.238"/>
  <testcase classname="com.bmc.mvmm_api.tests.agentAndExstentions.UpdatePackage" name="T11_updateWrongID" time="0.893"/>
  <testcase classname="com.bmc.mvmm_api.tests.agentAndExstentions.UpdatePackage" name="T15_deletePackage" time="1.310"/>
  <testcase classname="com.bmc.mvmm_api.tests.agentAndExstentions.UpdatePackage" name="T14_update" time="3.128"/>
</testsuite> <!-- com.bmc.mvmm_api.tests.agentAndExstentions.UpdatePackage -->
